This file contains any messages produced by compilers while
running configure, to aid debugging if configure makes a mistake.

It was created by libjpeg-turbo configure 1.5.1, which was
generated by GNU Autoconf 2.69.  Invocation command line was

  $ ./configure --enable-static=no --prefix=/usr/local

## --------- ##
## Platform. ##
## --------- ##

hostname = pupillabs-desktop
uname -m = x86_64
uname -r = 4.15.0-23-generic
uname -s = Linux
uname -v = #25-Ubuntu SMP Wed May 23 18:02:16 UTC 2018

/usr/bin/uname -p = unknown
/bin/uname -X     = unknown

/bin/arch              = unknown
/usr/bin/arch -k       = unknown
/usr/convex/getsysinfo = unknown
/usr/bin/hostinfo      = unknown
/bin/machine           = unknown
/usr/bin/oslevel       = unknown
/bin/universe          = unknown

PATH: /usr/local/sbin
PATH: /usr/local/bin
PATH: /usr/sbin
PATH: /usr/bin
PATH: /sbin
PATH: /bin
PATH: /snap/bin


## ----------- ##
## Core tests. ##
## ----------- ##

configure:2669: checking for a BSD-compatible install
configure:2737: result: /usr/bin/install -c
configure:2748: checking whether build environment is sane
configure:2803: result: yes
configure:2954: checking for a thread-safe mkdir -p
configure:2993: result: /bin/mkdir -p
configure:3000: checking for gawk
configure:3030: result: no
configure:3000: checking for mawk
configure:3016: found /usr/bin/mawk
configure:3027: result: mawk
configure:3038: checking whether make sets $(MAKE)
configure:3060: result: yes
configure:3089: checking whether make supports nested variables
configure:3106: result: yes
configure:3245: checking whether make supports nested variables
configure:3262: result: yes
configure:3289: checking for style of include used by make
configure:3317: result: GNU
configure:3388: checking for gcc
configure:3404: found /usr/bin/gcc
configure:3415: result: gcc
configure:3644: checking for C compiler version
configure:3653: gcc --version >&5
gcc (Ubuntu 7.3.0-16ubuntu3) 7.3.0
Copyright (C) 2017 Free Software Foundation, Inc.
This is free software; see the source for copying conditions.  There is NO
warranty; not even for MERCHANTABILITY or FITNESS FOR A PARTICULAR PURPOSE.

configure:3664: $? = 0
configure:3653: gcc -v >&5
Using built-in specs.
COLLECT_GCC=gcc
COLLECT_LTO_WRAPPER=/usr/lib/gcc/x86_64-linux-gnu/7/lto-wrapper
OFFLOAD_TARGET_NAMES=nvptx-none
OFFLOAD_TARGET_DEFAULT=1
Target: x86_64-linux-gnu
Configured with: ../src/configure -v --with-pkgversion='Ubuntu 7.3.0-16ubuntu3' --with-bugurl=file:///usr/share/doc/gcc-7/README.Bugs --enable-languages=c,ada,c++,go,brig,d,fortran,objc,obj-c++ --prefix=/usr --with-gcc-major-version-only --with-as=/usr/bin/x86_64-linux-gnu-as --with-ld=/usr/bin/x86_64-linux-gnu-ld --program-suffix=-7 --program-prefix=x86_64-linux-gnu- --enable-shared --enable-linker-build-id --libexecdir=/usr/lib --without-included-gettext --enable-threads=posix --libdir=/usr/lib --enable-nls --with-sysroot=/ --enable-clocale=gnu --enable-libstdcxx-debug --enable-libstdcxx-time=yes --with-default-libstdcxx-abi=new --enable-gnu-unique-object --disable-vtable-verify --enable-libmpx --enable-plugin --enable-default-pie --with-system-zlib --with-target-system-zlib --enable-objc-gc=auto --enable-multiarch --disable-werror --with-arch-32=i686 --with-abi=m64 --with-multilib-list=m32,m64,mx32 --enable-multilib --with-tune=generic --enable-offload-targets=nvptx-none --without-cuda-driver --enable-checking=release --build=x86_64-linux-gnu --host=x86_64-linux-gnu --target=x86_64-linux-gnu
Thread model: posix
gcc version 7.3.0 (Ubuntu 7.3.0-16ubuntu3) 
configure:3664: $? = 0
configure:3653: gcc -V >&5
gcc: error: unrecognized command line option '-V'
gcc: fatal error: no input files
compilation terminated.
configure:3664: $? = 1
configure:3653: gcc -qversion >&5
gcc: error: unrecognized command line option '-qversion'; did you mean '--version'?
gcc: fatal error: no input files
compilation terminated.
configure:3664: $? = 1
configure:3684: checking whether the C compiler works
configure:3706: gcc    conftest.c  >&5
configure:3710: $? = 0
configure:3758: result: yes
configure:3761: checking for C compiler default output file name
configure:3763: result: a.out
configure:3769: checking for suffix of executables
configure:3776: gcc -o conftest    conftest.c  >&5
configure:3780: $? = 0
configure:3802: result: 
configure:3824: checking whether we are cross compiling
configure:3832: gcc -o conftest    conftest.c  >&5
configure:3836: $? = 0
configure:3843: ./conftest
configure:3847: $? = 0
configure:3862: result: no
configure:3867: checking for suffix of object files
configure:3889: gcc -c   conftest.c >&5
configure:3893: $? = 0
configure:3914: result: o
configure:3918: checking whether we are using the GNU C compiler
configure:3937: gcc -c   conftest.c >&5
configure:3937: $? = 0
configure:3946: result: yes
configure:3955: checking whether gcc accepts -g
configure:3975: gcc -c -g  conftest.c >&5
configure:3975: $? = 0
configure:4016: result: yes
configure:4033: checking for gcc option to accept ISO C89
configure:4096: gcc  -c -g -O2  conftest.c >&5
configure:4096: $? = 0
configure:4109: result: none needed
configure:4134: checking whether gcc understands -c and -o together
configure:4156: gcc -c conftest.c -o conftest2.o
configure:4159: $? = 0
configure:4156: gcc -c conftest.c -o conftest2.o
configure:4159: $? = 0
configure:4171: result: yes
configure:4190: checking dependency style of gcc
configure:4301: result: gcc3
configure:4321: checking how to run the C preprocessor
configure:4352: gcc -E  conftest.c
configure:4352: $? = 0
configure:4366: gcc -E  conftest.c
conftest.c:11:10: fatal error: ac_nonexistent.h: No such file or directory
 #include <ac_nonexistent.h>
          ^~~~~~~~~~~~~~~~~~
compilation terminated.
configure:4366: $? = 1
configure: failed program was:
| /* confdefs.h */
| #define PACKAGE_NAME "libjpeg-turbo"
| #define PACKAGE_TARNAME "libjpeg-turbo"
| #define PACKAGE_VERSION "1.5.1"
| #define PACKAGE_STRING "libjpeg-turbo 1.5.1"
| #define PACKAGE_BUGREPORT ""
| #define PACKAGE_URL ""
| #define PACKAGE "libjpeg-turbo"
| #define VERSION "1.5.1"
| /* end confdefs.h.  */
| #include <ac_nonexistent.h>
configure:4391: result: gcc -E
configure:4411: gcc -E  conftest.c
configure:4411: $? = 0
configure:4425: gcc -E  conftest.c
conftest.c:11:10: fatal error: ac_nonexistent.h: No such file or directory
 #include <ac_nonexistent.h>
          ^~~~~~~~~~~~~~~~~~
compilation terminated.
configure:4425: $? = 1
configure: failed program was:
| /* confdefs.h */
| #define PACKAGE_NAME "libjpeg-turbo"
| #define PACKAGE_TARNAME "libjpeg-turbo"
| #define PACKAGE_VERSION "1.5.1"
| #define PACKAGE_STRING "libjpeg-turbo 1.5.1"
| #define PACKAGE_BUGREPORT ""
| #define PACKAGE_URL ""
| #define PACKAGE "libjpeg-turbo"
| #define VERSION "1.5.1"
| /* end confdefs.h.  */
| #include <ac_nonexistent.h>
configure:4501: checking for gcc
configure:4528: result: gcc
configure:4757: checking for C compiler version
configure:4766: gcc --version >&5
gcc (Ubuntu 7.3.0-16ubuntu3) 7.3.0
Copyright (C) 2017 Free Software Foundation, Inc.
This is free software; see the source for copying conditions.  There is NO
warranty; not even for MERCHANTABILITY or FITNESS FOR A PARTICULAR PURPOSE.

configure:4777: $? = 0
configure:4766: gcc -v >&5
Using built-in specs.
COLLECT_GCC=gcc
COLLECT_LTO_WRAPPER=/usr/lib/gcc/x86_64-linux-gnu/7/lto-wrapper
OFFLOAD_TARGET_NAMES=nvptx-none
OFFLOAD_TARGET_DEFAULT=1
Target: x86_64-linux-gnu
Configured with: ../src/configure -v --with-pkgversion='Ubuntu 7.3.0-16ubuntu3' --with-bugurl=file:///usr/share/doc/gcc-7/README.Bugs --enable-languages=c,ada,c++,go,brig,d,fortran,objc,obj-c++ --prefix=/usr --with-gcc-major-version-only --with-as=/usr/bin/x86_64-linux-gnu-as --with-ld=/usr/bin/x86_64-linux-gnu-ld --program-suffix=-7 --program-prefix=x86_64-linux-gnu- --enable-shared --enable-linker-build-id --libexecdir=/usr/lib --without-included-gettext --enable-threads=posix --libdir=/usr/lib --enable-nls --with-sysroot=/ --enable-clocale=gnu --enable-libstdcxx-debug --enable-libstdcxx-time=yes --with-default-libstdcxx-abi=new --enable-gnu-unique-object --disable-vtable-verify --enable-libmpx --enable-plugin --enable-default-pie --with-system-zlib --with-target-system-zlib --enable-objc-gc=auto --enable-multiarch --disable-werror --with-arch-32=i686 --with-abi=m64 --with-multilib-list=m32,m64,mx32 --enable-multilib --with-tune=generic --enable-offload-targets=nvptx-none --without-cuda-driver --enable-checking=release --build=x86_64-linux-gnu --host=x86_64-linux-gnu --target=x86_64-linux-gnu
Thread model: posix
gcc version 7.3.0 (Ubuntu 7.3.0-16ubuntu3) 
configure:4777: $? = 0
configure:4766: gcc -V >&5
gcc: error: unrecognized command line option '-V'
gcc: fatal error: no input files
compilation terminated.
configure:4777: $? = 1
configure:4766: gcc -qversion >&5
gcc: error: unrecognized command line option '-qversion'; did you mean '--version'?
gcc: fatal error: no input files
compilation terminated.
configure:4777: $? = 1
configure:4781: checking whether we are using the GNU C compiler
configure:4809: result: yes
configure:4818: checking whether gcc accepts -g
configure:4879: result: yes
configure:4896: checking for gcc option to accept ISO C89
configure:4972: result: none needed
configure:4997: checking whether gcc understands -c and -o together
configure:5034: result: yes
configure:5053: checking dependency style of gcc
configure:5164: result: gcc3
configure:5229: checking for ar
configure:5245: found /usr/bin/ar
configure:5256: result: ar
configure:5282: checking the archiver (ar) interface
configure:5298: gcc -c -g -O2  conftest.c >&5
configure:5298: $? = 0
configure:5300: ar cru libconftest.a conftest.o >&5
ar: `u' modifier ignored since `D' is the default (see `U')
configure:5303: $? = 0
configure:5331: result: ar
configure:5360: checking dependency style of gcc
configure:5469: result: gcc3
configure:5515: checking build system type
configure:5529: result: x86_64-unknown-linux-gnu
configure:5549: checking host system type
configure:5562: result: x86_64-unknown-linux-gnu
configure:5603: checking how to print strings
configure:5630: result: printf
configure:5651: checking for a sed that does not truncate output
configure:5715: result: /bin/sed
configure:5733: checking for grep that handles long lines and -e
configure:5791: result: /bin/grep
configure:5796: checking for egrep
configure:5858: result: /bin/grep -E
configure:5863: checking for fgrep
configure:5925: result: /bin/grep -F
configure:5960: checking for ld used by gcc
configure:6027: result: /usr/bin/x86_64-linux-gnu-ld
configure:6034: checking if the linker (/usr/bin/x86_64-linux-gnu-ld) is GNU ld
configure:6049: result: yes
configure:6061: checking for BSD- or MS-compatible name lister (nm)
configure:6115: result: /usr/bin/nm -B
configure:6245: checking the name lister (/usr/bin/nm -B) interface
configure:6252: gcc -c -g -O2  conftest.c >&5
configure:6255: /usr/bin/nm -B "conftest.o"
configure:6258: output
0000000000000000 B some_variable
configure:6265: result: BSD nm
configure:6268: checking whether ln -s works
configure:6272: result: yes
configure:6280: checking the maximum length of command line arguments
configure:6411: result: 1572864
configure:6459: checking how to convert x86_64-unknown-linux-gnu file names to x86_64-unknown-linux-gnu format
configure:6499: result: func_convert_file_noop
configure:6506: checking how to convert x86_64-unknown-linux-gnu file names to toolchain format
configure:6526: result: func_convert_file_noop
configure:6533: checking for /usr/bin/x86_64-linux-gnu-ld option to reload object files
configure:6540: result: -r
configure:6614: checking for objdump
configure:6630: found /usr/bin/objdump
configure:6641: result: objdump
configure:6673: checking how to recognize dependent libraries
configure:6873: result: pass_all
configure:6958: checking for dlltool
configure:6988: result: no
configure:7018: checking how to associate runtime and link libraries
configure:7045: result: printf %s\n
configure:7169: checking for archiver @FILE support
configure:7186: gcc -c -g -O2  conftest.c >&5
configure:7186: $? = 0
configure:7189: ar cru libconftest.a @conftest.lst >&5
ar: `u' modifier ignored since `D' is the default (see `U')
configure:7192: $? = 0
configure:7197: ar cru libconftest.a @conftest.lst >&5
ar: `u' modifier ignored since `D' is the default (see `U')
ar: conftest.o: No such file or directory
configure:7200: $? = 1
configure:7212: result: @
configure:7270: checking for strip
configure:7286: found /usr/bin/strip
configure:7297: result: strip
configure:7369: checking for ranlib
configure:7385: found /usr/bin/ranlib
configure:7396: result: ranlib
configure:7498: checking command to parse /usr/bin/nm -B output from gcc object
configure:7651: gcc -c -g -O2  conftest.c >&5
configure:7654: $? = 0
configure:7658: /usr/bin/nm -B conftest.o \| sed -n -e 's/^.*[ ]\([ABCDGIRSTW][ABCDGIRSTW]*\)[ ][ ]*\([_A-Za-z][_A-Za-z0-9]*\)$/\1 \2 \2/p' | sed '/ __gnu_lto/d' \> conftest.nm
configure:7661: $? = 0
configure:7727: gcc -o conftest -g -O2   conftest.c conftstm.o >&5
configure:7730: $? = 0
configure:7768: result: ok
configure:7815: checking for sysroot
configure:7845: result: no
configure:7852: checking for a working dd
configure:7890: result: /bin/dd
configure:7894: checking how to truncate binary pipes
configure:7909: result: /bin/dd bs=4096 count=1
configure:8045: gcc -c -g -O2  conftest.c >&5
configure:8048: $? = 0
configure:8238: checking for mt
configure:8254: found /bin/mt
configure:8265: result: mt
configure:8288: checking if mt is a manifest tool
configure:8294: mt '-?'
configure:8302: result: no
configure:8975: checking for ANSI C header files
configure:8995: gcc -c -g -O2  conftest.c >&5
configure:8995: $? = 0
configure:9068: gcc -o conftest -g -O2   conftest.c  >&5
configure:9068: $? = 0
configure:9068: ./conftest
configure:9068: $? = 0
configure:9079: result: yes
configure:9092: checking for sys/types.h
configure:9092: gcc -c -g -O2  conftest.c >&5
configure:9092: $? = 0
configure:9092: result: yes
configure:9092: checking for sys/stat.h
configure:9092: gcc -c -g -O2  conftest.c >&5
configure:9092: $? = 0
configure:9092: result: yes
configure:9092: checking for stdlib.h
configure:9092: gcc -c -g -O2  conftest.c >&5
configure:9092: $? = 0
configure:9092: result: yes
configure:9092: checking for string.h
configure:9092: gcc -c -g -O2  conftest.c >&5
configure:9092: $? = 0
configure:9092: result: yes
configure:9092: checking for memory.h
configure:9092: gcc -c -g -O2  conftest.c >&5
configure:9092: $? = 0
configure:9092: result: yes
configure:9092: checking for strings.h
configure:9092: gcc -c -g -O2  conftest.c >&5
configure:9092: $? = 0
configure:9092: result: yes
configure:9092: checking for inttypes.h
configure:9092: gcc -c -g -O2  conftest.c >&5
configure:9092: $? = 0
configure:9092: result: yes
configure:9092: checking for stdint.h
configure:9092: gcc -c -g -O2  conftest.c >&5
configure:9092: $? = 0
configure:9092: result: yes
configure:9092: checking for unistd.h
configure:9092: gcc -c -g -O2  conftest.c >&5
configure:9092: $? = 0
configure:9092: result: yes
configure:9106: checking for dlfcn.h
configure:9106: gcc -c -g -O2  conftest.c >&5
configure:9106: $? = 0
configure:9106: result: yes
configure:9362: checking for objdir
configure:9377: result: .libs
configure:9637: checking if gcc supports -fno-rtti -fno-exceptions
configure:9655: gcc -c -g -O2  -fno-rtti -fno-exceptions conftest.c >&5
cc1: warning: command line option '-fno-rtti' is valid for C++/ObjC++ but not for C
configure:9659: $? = 0
configure:9672: result: no
configure:10030: checking for gcc option to produce PIC
configure:10037: result: -fPIC -DPIC
configure:10045: checking if gcc PIC flag -fPIC -DPIC works
configure:10063: gcc -c -g -O2  -fPIC -DPIC -DPIC conftest.c >&5
configure:10067: $? = 0
configure:10080: result: yes
configure:10109: checking if gcc static flag -static works
configure:10137: result: yes
configure:10152: checking if gcc supports -c -o file.o
configure:10173: gcc -c -g -O2  -o out/conftest2.o conftest.c >&5
configure:10177: $? = 0
configure:10199: result: yes
configure:10207: checking if gcc supports -c -o file.o
configure:10254: result: yes
configure:10287: checking whether the gcc linker (/usr/bin/x86_64-linux-gnu-ld -m elf_x86_64) supports shared libraries
configure:11546: result: yes
configure:11583: checking whether -lc should be explicitly linked in
configure:11591: gcc -c -g -O2  conftest.c >&5
configure:11594: $? = 0
configure:11609: gcc -shared  -fPIC -DPIC conftest.o  -v -Wl,-soname -Wl,conftest -o conftest 2\>\&1 \| /bin/grep  -lc  \>/dev/null 2\>\&1
configure:11612: $? = 0
configure:11626: result: no
configure:11786: checking dynamic linker characteristics
configure:12367: gcc -o conftest -g -O2   -Wl,-rpath -Wl,/foo conftest.c  >&5
configure:12367: $? = 0
configure:12604: result: GNU/Linux ld.so
configure:12726: checking how to hardcode library paths into programs
configure:12751: result: immediate
configure:13299: checking whether stripping libraries is possible
configure:13304: result: yes
configure:13339: checking if libtool supports shared libraries
configure:13341: result: yes
configure:13344: checking whether to build shared libraries
configure:13369: result: yes
configure:13372: checking whether to build static libraries
configure:13376: result: no
configure:13413: checking whether ln -s works
configure:13417: result: yes
configure:13483: checking for pkg-config
configure:13501: found /usr/bin/pkg-config
configure:13513: result: /usr/bin/pkg-config
configure:13538: checking pkg-config is at least version 0.9.0
configure:13541: result: yes
configure:13583: checking size of size_t
configure:13588: gcc -o conftest -g -O2   conftest.c  >&5
configure:13588: $? = 0
configure:13588: ./conftest
configure:13588: $? = 0
configure:13602: result: 8
configure:13634: checking whether compiler supports pointers to undefined structures
configure:13647: gcc -c -g -O2  conftest.c >&5
configure:13647: $? = 0
configure:13648: result: yes
configure:13668: checking whether __SUNPRO_C is declared
configure:13668: gcc -c -O3 -Wall conftest.c >&5
conftest.c: In function 'main':
conftest.c:64:10: error: '__SUNPRO_C' undeclared (first use in this function); did you mean '__INT8_C'?
   (void) __SUNPRO_C;
          ^~~~~~~~~~
          __INT8_C
conftest.c:64:10: note: each undeclared identifier is reported only once for each function it appears in
configure:13668: $? = 1
configure: failed program was:
| /* confdefs.h */
| #define PACKAGE_NAME "libjpeg-turbo"
| #define PACKAGE_TARNAME "libjpeg-turbo"
| #define PACKAGE_VERSION "1.5.1"
| #define PACKAGE_STRING "libjpeg-turbo 1.5.1"
| #define PACKAGE_BUGREPORT ""
| #define PACKAGE_URL ""
| #define PACKAGE "libjpeg-turbo"
| #define VERSION "1.5.1"
| #define STDC_HEADERS 1
| #define HAVE_SYS_TYPES_H 1
| #define HAVE_SYS_STAT_H 1
| #define HAVE_STDLIB_H 1
| #define HAVE_STRING_H 1
| #define HAVE_MEMORY_H 1
| #define HAVE_STRINGS_H 1
| #define HAVE_INTTYPES_H 1
| #define HAVE_STDINT_H 1
| #define HAVE_UNISTD_H 1
| #define HAVE_DLFCN_H 1
| #define LT_OBJDIR ".libs/"
| #define SIZEOF_SIZE_T 8
| /* end confdefs.h.  */
| #include <stdio.h>
| #ifdef HAVE_SYS_TYPES_H
| # include <sys/types.h>
| #endif
| #ifdef HAVE_SYS_STAT_H
| # include <sys/stat.h>
| #endif
| #ifdef STDC_HEADERS
| # include <stdlib.h>
| # include <stddef.h>
| #else
| # ifdef HAVE_STDLIB_H
| #  include <stdlib.h>
| # endif
| #endif
| #ifdef HAVE_STRING_H
| # if !defined STDC_HEADERS && defined HAVE_MEMORY_H
| #  include <memory.h>
| # endif
| # include <string.h>
| #endif
| #ifdef HAVE_STRINGS_H
| # include <strings.h>
| #endif
| #ifdef HAVE_INTTYPES_H
| # include <inttypes.h>
| #endif
| #ifdef HAVE_STDINT_H
| # include <stdint.h>
| #endif
| #ifdef HAVE_UNISTD_H
| # include <unistd.h>
| #endif
| int
| main ()
| {
| #ifndef __SUNPRO_C
| #ifdef __cplusplus
|   (void) __SUNPRO_C;
| #else
|   (void) __SUNPRO_C;
| #endif
| #endif
| 
|   ;
|   return 0;
| }
configure:13668: result: no
configure:13684: checking for ANSI C header files
configure:13788: result: yes
configure:13799: checking stddef.h usability
configure:13799: gcc -c -O3 -Wall conftest.c >&5
configure:13799: $? = 0
configure:13799: result: yes
configure:13799: checking stddef.h presence
configure:13799: gcc -E -Wall conftest.c
configure:13799: $? = 0
configure:13799: result: yes
configure:13799: checking for stddef.h
configure:13799: result: yes
configure:13799: checking for stdlib.h
configure:13799: result: yes
configure:13799: checking locale.h usability
configure:13799: gcc -c -O3 -Wall conftest.c >&5
configure:13799: $? = 0
configure:13799: result: yes
configure:13799: checking locale.h presence
configure:13799: gcc -E -Wall conftest.c
configure:13799: $? = 0
configure:13799: result: yes
configure:13799: checking for locale.h
configure:13799: result: yes
configure:13799: checking for string.h
configure:13799: result: yes
configure:13809: checking for sys/types.h
configure:13809: result: yes
configure:13819: checking for an ANSI C-conforming const
configure:13885: gcc -c -O3 -Wall conftest.c >&5
configure:13885: $? = 0
configure:13892: result: yes
configure:13900: checking whether char is unsigned
configure:13919: gcc -c -O3 -Wall conftest.c >&5
configure:13919: $? = 0
configure:13926: result: no
configure:13933: checking for inline
configure:13949: gcc -c -O3 -Wall conftest.c >&5
configure:13949: $? = 0
configure:13957: result: inline
configure:13975: checking for size_t
configure:13975: gcc -c -O3 -Wall conftest.c >&5
configure:13975: $? = 0
configure:13975: gcc -c -O3 -Wall conftest.c >&5
conftest.c: In function 'main':
conftest.c:66:21: error: expected expression before ')' token
 if (sizeof ((size_t)))
                     ^
configure:13975: $? = 1
configure: failed program was:
| /* confdefs.h */
| #define PACKAGE_NAME "libjpeg-turbo"
| #define PACKAGE_TARNAME "libjpeg-turbo"
| #define PACKAGE_VERSION "1.5.1"
| #define PACKAGE_STRING "libjpeg-turbo 1.5.1"
| #define PACKAGE_BUGREPORT ""
| #define PACKAGE_URL ""
| #define PACKAGE "libjpeg-turbo"
| #define VERSION "1.5.1"
| #define STDC_HEADERS 1
| #define HAVE_SYS_TYPES_H 1
| #define HAVE_SYS_STAT_H 1
| #define HAVE_STDLIB_H 1
| #define HAVE_STRING_H 1
| #define HAVE_MEMORY_H 1
| #define HAVE_STRINGS_H 1
| #define HAVE_INTTYPES_H 1
| #define HAVE_STDINT_H 1
| #define HAVE_UNISTD_H 1
| #define HAVE_DLFCN_H 1
| #define LT_OBJDIR ".libs/"
| #define SIZEOF_SIZE_T 8
| #define STDC_HEADERS 1
| #define HAVE_STDDEF_H 1
| #define HAVE_STDLIB_H 1
| #define HAVE_LOCALE_H 1
| #define HAVE_STRING_H 1
| #define NEED_SYS_TYPES_H 1
| /* end confdefs.h.  */
| #include <stdio.h>
| #ifdef HAVE_SYS_TYPES_H
| # include <sys/types.h>
| #endif
| #ifdef HAVE_SYS_STAT_H
| # include <sys/stat.h>
| #endif
| #ifdef STDC_HEADERS
| # include <stdlib.h>
| # include <stddef.h>
| #else
| # ifdef HAVE_STDLIB_H
| #  include <stdlib.h>
| # endif
| #endif
| #ifdef HAVE_STRING_H
| # if !defined STDC_HEADERS && defined HAVE_MEMORY_H
| #  include <memory.h>
| # endif
| # include <string.h>
| #endif
| #ifdef HAVE_STRINGS_H
| # include <strings.h>
| #endif
| #ifdef HAVE_INTTYPES_H
| # include <inttypes.h>
| #endif
| #ifdef HAVE_STDINT_H
| # include <stdint.h>
| #endif
| #ifdef HAVE_UNISTD_H
| # include <unistd.h>
| #endif
| int
| main ()
| {
| if (sizeof ((size_t)))
| 	    return 0;
|   ;
|   return 0;
| }
configure:13975: result: yes
configure:13986: checking for unsigned char
configure:13986: gcc -c -O3 -Wall conftest.c >&5
configure:13986: $? = 0
configure:13986: gcc -c -O3 -Wall conftest.c >&5
conftest.c: In function 'main':
conftest.c:66:28: error: expected expression before ')' token
 if (sizeof ((unsigned char)))
                            ^
configure:13986: $? = 1
configure: failed program was:
| /* confdefs.h */
| #define PACKAGE_NAME "libjpeg-turbo"
| #define PACKAGE_TARNAME "libjpeg-turbo"
| #define PACKAGE_VERSION "1.5.1"
| #define PACKAGE_STRING "libjpeg-turbo 1.5.1"
| #define PACKAGE_BUGREPORT ""
| #define PACKAGE_URL ""
| #define PACKAGE "libjpeg-turbo"
| #define VERSION "1.5.1"
| #define STDC_HEADERS 1
| #define HAVE_SYS_TYPES_H 1
| #define HAVE_SYS_STAT_H 1
| #define HAVE_STDLIB_H 1
| #define HAVE_STRING_H 1
| #define HAVE_MEMORY_H 1
| #define HAVE_STRINGS_H 1
| #define HAVE_INTTYPES_H 1
| #define HAVE_STDINT_H 1
| #define HAVE_UNISTD_H 1
| #define HAVE_DLFCN_H 1
| #define LT_OBJDIR ".libs/"
| #define SIZEOF_SIZE_T 8
| #define STDC_HEADERS 1
| #define HAVE_STDDEF_H 1
| #define HAVE_STDLIB_H 1
| #define HAVE_LOCALE_H 1
| #define HAVE_STRING_H 1
| #define NEED_SYS_TYPES_H 1
| /* end confdefs.h.  */
| #include <stdio.h>
| #ifdef HAVE_SYS_TYPES_H
| # include <sys/types.h>
| #endif
| #ifdef HAVE_SYS_STAT_H
| # include <sys/stat.h>
| #endif
| #ifdef STDC_HEADERS
| # include <stdlib.h>
| # include <stddef.h>
| #else
| # ifdef HAVE_STDLIB_H
| #  include <stdlib.h>
| # endif
| #endif
| #ifdef HAVE_STRING_H
| # if !defined STDC_HEADERS && defined HAVE_MEMORY_H
| #  include <memory.h>
| # endif
| # include <string.h>
| #endif
| #ifdef HAVE_STRINGS_H
| # include <strings.h>
| #endif
| #ifdef HAVE_INTTYPES_H
| # include <inttypes.h>
| #endif
| #ifdef HAVE_STDINT_H
| # include <stdint.h>
| #endif
| #ifdef HAVE_UNISTD_H
| # include <unistd.h>
| #endif
| int
| main ()
| {
| if (sizeof ((unsigned char)))
| 	    return 0;
|   ;
|   return 0;
| }
configure:13986: result: yes
configure:13995: checking for unsigned short
configure:13995: gcc -c -O3 -Wall conftest.c >&5
configure:13995: $? = 0
configure:13995: gcc -c -O3 -Wall conftest.c >&5
conftest.c: In function 'main':
conftest.c:67:29: error: expected expression before ')' token
 if (sizeof ((unsigned short)))
                             ^
configure:13995: $? = 1
configure: failed program was:
| /* confdefs.h */
| #define PACKAGE_NAME "libjpeg-turbo"
| #define PACKAGE_TARNAME "libjpeg-turbo"
| #define PACKAGE_VERSION "1.5.1"
| #define PACKAGE_STRING "libjpeg-turbo 1.5.1"
| #define PACKAGE_BUGREPORT ""
| #define PACKAGE_URL ""
| #define PACKAGE "libjpeg-turbo"
| #define VERSION "1.5.1"
| #define STDC_HEADERS 1
| #define HAVE_SYS_TYPES_H 1
| #define HAVE_SYS_STAT_H 1
| #define HAVE_STDLIB_H 1
| #define HAVE_STRING_H 1
| #define HAVE_MEMORY_H 1
| #define HAVE_STRINGS_H 1
| #define HAVE_INTTYPES_H 1
| #define HAVE_STDINT_H 1
| #define HAVE_UNISTD_H 1
| #define HAVE_DLFCN_H 1
| #define LT_OBJDIR ".libs/"
| #define SIZEOF_SIZE_T 8
| #define STDC_HEADERS 1
| #define HAVE_STDDEF_H 1
| #define HAVE_STDLIB_H 1
| #define HAVE_LOCALE_H 1
| #define HAVE_STRING_H 1
| #define NEED_SYS_TYPES_H 1
| #define HAVE_UNSIGNED_CHAR 1
| /* end confdefs.h.  */
| #include <stdio.h>
| #ifdef HAVE_SYS_TYPES_H
| # include <sys/types.h>
| #endif
| #ifdef HAVE_SYS_STAT_H
| # include <sys/stat.h>
| #endif
| #ifdef STDC_HEADERS
| # include <stdlib.h>
| # include <stddef.h>
| #else
| # ifdef HAVE_STDLIB_H
| #  include <stdlib.h>
| # endif
| #endif
| #ifdef HAVE_STRING_H
| # if !defined STDC_HEADERS && defined HAVE_MEMORY_H
| #  include <memory.h>
| # endif
| # include <string.h>
| #endif
| #ifdef HAVE_STRINGS_H
| # include <strings.h>
| #endif
| #ifdef HAVE_INTTYPES_H
| # include <inttypes.h>
| #endif
| #ifdef HAVE_STDINT_H
| # include <stdint.h>
| #endif
| #ifdef HAVE_UNISTD_H
| # include <unistd.h>
| #endif
| int
| main ()
| {
| if (sizeof ((unsigned short)))
| 	    return 0;
|   ;
|   return 0;
| }
configure:13995: result: yes
configure:14006: checking if right shift is signed
configure:14035: gcc -o conftest -O3 -Wall  conftest.c  >&5
conftest.c: In function 'main':
conftest.c:50:6: warning: implicit declaration of function 'exit' [-Wimplicit-function-declaration]
      exit(is_shifting_signed(-0x7F7E80B1L));
      ^~~~
conftest.c:50:6: warning: incompatible implicit declaration of built-in function 'exit'
conftest.c:50:6: note: include '<stdlib.h>' or provide a declaration of 'exit'
configure:14035: $? = 0
configure:14035: ./conftest
configure:14035: $? = 1
configure: program exited with status 1
configure: failed program was:
| /* confdefs.h */
| #define PACKAGE_NAME "libjpeg-turbo"
| #define PACKAGE_TARNAME "libjpeg-turbo"
| #define PACKAGE_VERSION "1.5.1"
| #define PACKAGE_STRING "libjpeg-turbo 1.5.1"
| #define PACKAGE_BUGREPORT ""
| #define PACKAGE_URL ""
| #define PACKAGE "libjpeg-turbo"
| #define VERSION "1.5.1"
| #define STDC_HEADERS 1
| #define HAVE_SYS_TYPES_H 1
| #define HAVE_SYS_STAT_H 1
| #define HAVE_STDLIB_H 1
| #define HAVE_STRING_H 1
| #define HAVE_MEMORY_H 1
| #define HAVE_STRINGS_H 1
| #define HAVE_INTTYPES_H 1
| #define HAVE_STDINT_H 1
| #define HAVE_UNISTD_H 1
| #define HAVE_DLFCN_H 1
| #define LT_OBJDIR ".libs/"
| #define SIZEOF_SIZE_T 8
| #define STDC_HEADERS 1
| #define HAVE_STDDEF_H 1
| #define HAVE_STDLIB_H 1
| #define HAVE_LOCALE_H 1
| #define HAVE_STRING_H 1
| #define NEED_SYS_TYPES_H 1
| #define HAVE_UNSIGNED_CHAR 1
| #define HAVE_UNSIGNED_SHORT 1
| /* end confdefs.h.  */
| #include <stdio.h>
|    int is_shifting_signed (long arg) {
|      long res = arg >> 4;
| 
|      if (res == -0x7F7E80CL)
|        return 1; /* right shift is signed */
| 
|      /* see if unsigned-shift hack will fix it. */
|      /* we can't just test exact value since it depends on width of long... */
|      res |= (~0L) << (32-4);
|      if (res == -0x7F7E80CL)
|        return 0; /* right shift is unsigned */
| 
|      printf("Right shift isn't acting as I expect it to.\n");
|      printf("I fear the JPEG software will not work at all.\n\n");
|      return 0; /* try it with unsigned anyway */
|    }
|    int main (void) {
|      exit(is_shifting_signed(-0x7F7E80B1L));
|    }
configure:14042: result: yes
configure:14054: checking for memset
configure:14054: gcc -o conftest -O3 -Wall  conftest.c  >&5
conftest.c:55:6: warning: conflicting types for built-in function 'memset' [-Wbuiltin-declaration-mismatch]
 char memset ();
      ^~~~~~
configure:14054: $? = 0
configure:14054: result: yes
configure:14054: checking for memcpy
configure:14054: gcc -o conftest -O3 -Wall  conftest.c  >&5
conftest.c:56:6: warning: conflicting types for built-in function 'memcpy' [-Wbuiltin-declaration-mismatch]
 char memcpy ();
      ^~~~~~
configure:14054: $? = 0
configure:14054: result: yes
configure:14068: checking libjpeg API version
configure:14096: result: 6.2
configure:14125: checking whether to include in-memory source/destination managers
configure:14134: result: yes
configure:14148: checking libjpeg shared library version
configure:14150: result: 62.2.0
configure:14186: checking whether the linker supports version scripts
configure:14206: gcc -o conftest -O3 -Wall  -Wl,--version-script,conftest.map conftest.c  >&5
configure:14206: $? = 0
configure:14208: result: yes (GNU style)
configure:14241: checking whether to use version script when building libjpeg-turbo
configure:14243: result: yes
configure:14257: checking for inline
configure:14272: gcc -c -O3 -Wall conftest.c >&5
configure:14272: $? = 0
configure:14327: result: inline __attribute__((always_inline))
configure:14336: checking whether to include arithmetic encoding support
configure:14358: result: yes
configure:14370: checking whether to include arithmetic decoding support
configure:14392: result: yes
configure:14414: checking whether to use 12-bit samples
configure:14429: result: no
configure:14442: checking whether to build TurboJPEG C wrapper
configure:14458: result: yes
configure:14482: checking whether to build TurboJPEG Java wrapper
configure:14538: result: no
configure:14588: checking if we have SIMD optimisations for cpu type
configure:14592: result: yes (x86_64)
configure:14602: checking for nasm
configure:14618: found /usr/bin/nasm
configure:14629: result: nasm
configure:14643: checking for object file format of host system
configure:14717: result: ELF64
configure:14725: checking for object file format specifier (NAFLAGS) 
configure:14740: result: -felf64 -DELF -D__x86_64__
configure:14744: checking whether the assembler (nasm -felf64 -DELF -D__x86_64__) works
configure:14755: nasm -felf64 -DELF -D__x86_64__ -o conftest.o conftest.asm
configure:14758: $? = 0
configure:14760: result: yes
configure:14771: checking whether the linker accepts assembler output
configure:14774: gcc -o conftest  conftest.o  1>&5
configure:14777: $? = 0
configure:14780: result: yes
configure:15502: checking that generated files are newer than configure
configure:15508: result: done
configure:15607: creating ./config.status

## ---------------------- ##
## Running config.status. ##
## ---------------------- ##

This file was extended by libjpeg-turbo config.status 1.5.1, which was
generated by GNU Autoconf 2.69.  Invocation command line was

  CONFIG_FILES    = 
  CONFIG_HEADERS  = 
  CONFIG_LINKS    = 
  CONFIG_COMMANDS = 
  $ ./config.status 

on pupillabs-desktop

config.status:1182: creating pkgscripts/libjpeg-turbo.spec.tmpl
config.status:1182: creating pkgscripts/makecygwinpkg.tmpl
config.status:1182: creating pkgscripts/makedpkg.tmpl
config.status:1182: creating pkgscripts/makemacpkg.tmpl
config.status:1182: creating pkgscripts/uninstall.tmpl
config.status:1182: creating pkgscripts/libjpeg.pc
config.status:1182: creating pkgscripts/libturbojpeg.pc
config.status:1182: creating tjbenchtest
config.status:1182: creating libjpeg.map
config.status:1182: creating Makefile
config.status:1182: creating simd/Makefile
config.status:1182: creating java/Makefile
config.status:1182: creating md5/Makefile
config.status:1182: creating config.h
config.status:1363: config.h is unchanged
config.status:1182: creating jconfig.h
config.status:1363: jconfig.h is unchanged
config.status:1182: creating jconfigint.h
config.status:1363: jconfigint.h is unchanged
config.status:1411: executing depfiles commands
config.status:1411: executing libtool commands

## ---------------- ##
## Cache variables. ##
## ---------------- ##

ac_cv_build=x86_64-unknown-linux-gnu
ac_cv_c_char_unsigned=no
ac_cv_c_compiler_gnu=yes
ac_cv_c_const=yes
ac_cv_c_inline=inline
ac_cv_env_CCASFLAGS_set=
ac_cv_env_CCASFLAGS_value=
ac_cv_env_CCAS_set=
ac_cv_env_CCAS_value=
ac_cv_env_CC_set=
ac_cv_env_CC_value=
ac_cv_env_CFLAGS_set=
ac_cv_env_CFLAGS_value=
ac_cv_env_CPPFLAGS_set=
ac_cv_env_CPPFLAGS_value=
ac_cv_env_CPP_set=
ac_cv_env_CPP_value=
ac_cv_env_JAR_set=
ac_cv_env_JAR_value=
ac_cv_env_JAVACFLAGS_set=
ac_cv_env_JAVACFLAGS_value=
ac_cv_env_JAVAC_set=
ac_cv_env_JAVAC_value=
ac_cv_env_JAVA_set=
ac_cv_env_JAVA_value=
ac_cv_env_JNI_CFLAGS_set=
ac_cv_env_JNI_CFLAGS_value=
ac_cv_env_JPEG_LIB_VERSION_set=
ac_cv_env_JPEG_LIB_VERSION_value=
ac_cv_env_LDFLAGS_set=
ac_cv_env_LDFLAGS_value=
ac_cv_env_LIBS_set=
ac_cv_env_LIBS_value=
ac_cv_env_LT_SYS_LIBRARY_PATH_set=
ac_cv_env_LT_SYS_LIBRARY_PATH_value=
ac_cv_env_NASM_set=
ac_cv_env_NASM_value=
ac_cv_env_PKGNAME_set=
ac_cv_env_PKGNAME_value=
ac_cv_env_PKG_CONFIG_set=
ac_cv_env_PKG_CONFIG_value=
ac_cv_env_SO_MAJOR_VERSION_set=
ac_cv_env_SO_MAJOR_VERSION_value=
ac_cv_env_SO_MINOR_VERSION_set=
ac_cv_env_SO_MINOR_VERSION_value=
ac_cv_env_build_alias_set=
ac_cv_env_build_alias_value=
ac_cv_env_host_alias_set=
ac_cv_env_host_alias_value=
ac_cv_env_target_alias_set=
ac_cv_env_target_alias_value=
ac_cv_func_memcpy=yes
ac_cv_func_memset=yes
ac_cv_have_decl___SUNPRO_C=no
ac_cv_header_dlfcn_h=yes
ac_cv_header_inttypes_h=yes
ac_cv_header_locale_h=yes
ac_cv_header_memory_h=yes
ac_cv_header_stdc=yes
ac_cv_header_stddef_h=yes
ac_cv_header_stdint_h=yes
ac_cv_header_stdlib_h=yes
ac_cv_header_string_h=yes
ac_cv_header_strings_h=yes
ac_cv_header_sys_stat_h=yes
ac_cv_header_sys_types_h=yes
ac_cv_header_unistd_h=yes
ac_cv_host=x86_64-unknown-linux-gnu
ac_cv_objext=o
ac_cv_path_EGREP='/bin/grep -E'
ac_cv_path_FGREP='/bin/grep -F'
ac_cv_path_GREP=/bin/grep
ac_cv_path_SED=/bin/sed
ac_cv_path_ac_pt_PKG_CONFIG=/usr/bin/pkg-config
ac_cv_path_install='/usr/bin/install -c'
ac_cv_path_lt_DD=/bin/dd
ac_cv_path_mkdir=/bin/mkdir
ac_cv_prog_AWK=mawk
ac_cv_prog_CPP='gcc -E'
ac_cv_prog_NASM=nasm
ac_cv_prog_ac_ct_AR=ar
ac_cv_prog_ac_ct_CC=gcc
ac_cv_prog_ac_ct_MANIFEST_TOOL=mt
ac_cv_prog_ac_ct_OBJDUMP=objdump
ac_cv_prog_ac_ct_RANLIB=ranlib
ac_cv_prog_ac_ct_STRIP=strip
ac_cv_prog_cc_c89=
ac_cv_prog_cc_g=yes
ac_cv_prog_make_make_set=yes
ac_cv_sizeof_size_t=8
ac_cv_type_size_t=yes
ac_cv_type_unsigned_char=yes
ac_cv_type_unsigned_short=yes
am_cv_CCAS_dependencies_compiler_type=gcc3
am_cv_CC_dependencies_compiler_type=gcc3
am_cv_ar_interface=ar
am_cv_make_support_nested_variables=yes
am_cv_prog_cc_c_o=yes
ljt_cv_inline='inline __attribute__((always_inline))'
lt_cv_ar_at_file=@
lt_cv_archive_cmds_need_lc=no
lt_cv_deplibs_check_method=pass_all
lt_cv_file_magic_cmd='$MAGIC_CMD'
lt_cv_file_magic_test_file=
lt_cv_ld_reload_flag=-r
lt_cv_nm_interface='BSD nm'
lt_cv_objdir=.libs
lt_cv_path_LD=/usr/bin/x86_64-linux-gnu-ld
lt_cv_path_NM='/usr/bin/nm -B'
lt_cv_path_mainfest_tool=no
lt_cv_prog_compiler_c_o=yes
lt_cv_prog_compiler_pic='-fPIC -DPIC'
lt_cv_prog_compiler_pic_works=yes
lt_cv_prog_compiler_rtti_exceptions=no
lt_cv_prog_compiler_static_works=yes
lt_cv_prog_gnu_ld=yes
lt_cv_sharedlib_from_linklib_cmd='printf %s\n'
lt_cv_shlibpath_overrides_runpath=yes
lt_cv_sys_global_symbol_pipe='sed -n -e '\''s/^.*[	 ]\([ABCDGIRSTW][ABCDGIRSTW]*\)[	 ][	 ]*\([_A-Za-z][_A-Za-z0-9]*\)$/\1 \2 \2/p'\'' | sed '\''/ __gnu_lto/d'\'''
lt_cv_sys_global_symbol_to_c_name_address='sed -n -e '\''s/^: \(.*\) .*$/  {"\1", (void *) 0},/p'\'' -e '\''s/^[ABCDGIRSTW][ABCDGIRSTW]* .* \(.*\)$/  {"\1", (void *) \&\1},/p'\'''
lt_cv_sys_global_symbol_to_c_name_address_lib_prefix='sed -n -e '\''s/^: \(.*\) .*$/  {"\1", (void *) 0},/p'\'' -e '\''s/^[ABCDGIRSTW][ABCDGIRSTW]* .* \(lib.*\)$/  {"\1", (void *) \&\1},/p'\'' -e '\''s/^[ABCDGIRSTW][ABCDGIRSTW]* .* \(.*\)$/  {"lib\1", (void *) \&\1},/p'\'''
lt_cv_sys_global_symbol_to_cdecl='sed -n -e '\''s/^T .* \(.*\)$/extern int \1();/p'\'' -e '\''s/^[ABCDGIRSTW][ABCDGIRSTW]* .* \(.*\)$/extern char \1;/p'\'''
lt_cv_sys_global_symbol_to_import=
lt_cv_sys_max_cmd_len=1572864
lt_cv_to_host_file_cmd=func_convert_file_noop
lt_cv_to_tool_file_cmd=func_convert_file_noop
lt_cv_truncate_bin='/bin/dd bs=4096 count=1'

## ----------------- ##
## Output variables. ##
## ----------------- ##

ACLOCAL='${SHELL} /media/pupil-labs/ssd_500gb/code/pupil-docker-ubuntu/scripts/libjpeg-turbo-1.5.1/missing aclocal-1.15'
AMDEPBACKSLASH='\'
AMDEP_FALSE='#'
AMDEP_TRUE=''
AMTAR='$${TAR-tar}'
AM_BACKSLASH='\'
AM_DEFAULT_V='$(AM_DEFAULT_VERBOSITY)'
AM_DEFAULT_VERBOSITY='0'
AM_V='$(V)'
AR='ar'
AUTOCONF='${SHELL} /media/pupil-labs/ssd_500gb/code/pupil-docker-ubuntu/scripts/libjpeg-turbo-1.5.1/missing autoconf'
AUTOHEADER='${SHELL} /media/pupil-labs/ssd_500gb/code/pupil-docker-ubuntu/scripts/libjpeg-turbo-1.5.1/missing autoheader'
AUTOMAKE='${SHELL} /media/pupil-labs/ssd_500gb/code/pupil-docker-ubuntu/scripts/libjpeg-turbo-1.5.1/missing automake-1.15'
AWK='mawk'
BUILD='20180717'
CC='gcc'
CCAS='gcc'
CCASDEPMODE='depmode=gcc3'
CCASFLAGS='-g -O2'
CCDEPMODE='depmode=gcc3'
CFLAGS='-O3'
CPP='gcc -E'
CPPFLAGS='-Wall'
CROSS_COMPILING_FALSE=''
CROSS_COMPILING_TRUE='#'
CYGPATH_W='echo'
DEBARCH='amd64'
DEFS='-DHAVE_CONFIG_H'
DEPDIR='.deps'
DLLTOOL='false'
DSYMUTIL=''
DUMPBIN=''
ECHO_C=''
ECHO_N='-n'
ECHO_T=''
EGREP='/bin/grep -E'
EXEEXT=''
FGREP='/bin/grep -F'
GREP='/bin/grep'
INSTALL_DATA='${INSTALL} -m 644'
INSTALL_PROGRAM='${INSTALL}'
INSTALL_SCRIPT='${INSTALL}'
INSTALL_STRIP_PROGRAM='$(install_sh) -c -s'
JAR='jar'
JAVA='java'
JAVAC='javac'
JAVACFLAGS=''
JAVA_RPM_CONTENTS_1=''
JAVA_RPM_CONTENTS_2=''
JNI_CFLAGS=''
JPEG_LIB_VERSION='62'
JPEG_LIB_VERSION_DECIMAL='6.2'
LD='/usr/bin/x86_64-linux-gnu-ld -m elf_x86_64'
LDFLAGS=''
LIBOBJS=''
LIBS=''
LIBTOOL='$(SHELL) $(top_builddir)/libtool'
LIBTOOL_CURRENT='64'
LIPO=''
LN_S='ln -s'
LTLIBOBJS=''
LT_SYS_LIBRARY_PATH=''
MAKEINFO='${SHELL} /media/pupil-labs/ssd_500gb/code/pupil-docker-ubuntu/scripts/libjpeg-turbo-1.5.1/missing makeinfo'
MANIFEST_TOOL=':'
MEM_SRCDST_FUNCTIONS='global:  jpeg_mem_dest;  jpeg_mem_src;'
MKDIR_P='/bin/mkdir -p'
NAFLAGS='-felf64 -DELF -D__x86_64__'
NASM='nasm'
NM='/usr/bin/nm -B'
NMEDIT=''
OBJDUMP='objdump'
OBJEXT='o'
OTOOL64=''
OTOOL=''
PACKAGE='libjpeg-turbo'
PACKAGE_BUGREPORT=''
PACKAGE_NAME='libjpeg-turbo'
PACKAGE_STRING='libjpeg-turbo 1.5.1'
PACKAGE_TARNAME='libjpeg-turbo'
PACKAGE_URL=''
PACKAGE_VERSION='1.5.1'
PATH_SEPARATOR=':'
PKGNAME='libjpeg-turbo'
PKG_CONFIG='/usr/bin/pkg-config'
RANLIB='ranlib'
RPMARCH='x86_64'
RPM_CONFIG_ARGS=''
SED='/bin/sed'
SET_MAKE=''
SHELL='/bin/bash'
SIMD_ARM_64_FALSE=''
SIMD_ARM_64_TRUE='#'
SIMD_ARM_FALSE=''
SIMD_ARM_TRUE='#'
SIMD_I386_FALSE=''
SIMD_I386_TRUE='#'
SIMD_MIPS_FALSE=''
SIMD_MIPS_TRUE='#'
SIMD_POWERPC_FALSE=''
SIMD_POWERPC_TRUE='#'
SIMD_X86_64_FALSE='#'
SIMD_X86_64_TRUE=''
SO_AGE='2'
SO_MAJOR_VERSION='62'
SO_MINOR_VERSION='0'
STRIP='strip'
VERSION='1.5.1'
VERSION_SCRIPT_FALSE='#'
VERSION_SCRIPT_FLAG='-Wl,--version-script,'
VERSION_SCRIPT_TRUE=''
WITH_12BIT_FALSE=''
WITH_12BIT_TRUE='#'
WITH_ARITH_DEC_FALSE='#'
WITH_ARITH_DEC_TRUE=''
WITH_ARITH_ENC_FALSE='#'
WITH_ARITH_ENC_TRUE=''
WITH_ARITH_FALSE='#'
WITH_ARITH_TRUE=''
WITH_JAVA='0'
WITH_JAVA_FALSE=''
WITH_JAVA_TRUE='#'
WITH_SIMD_FALSE='#'
WITH_SIMD_TRUE=''
WITH_SSE_FLOAT_DCT_FALSE='#'
WITH_SSE_FLOAT_DCT_TRUE=''
WITH_TURBOJPEG_FALSE='#'
WITH_TURBOJPEG_TRUE=''
X86_64_FALSE='#'
X86_64_TRUE=''
ac_ct_AR='ar'
ac_ct_CC='gcc'
ac_ct_DUMPBIN=''
am__EXEEXT_FALSE=''
am__EXEEXT_TRUE='#'
am__fastdepCCAS_FALSE='#'
am__fastdepCCAS_TRUE=''
am__fastdepCC_FALSE='#'
am__fastdepCC_TRUE=''
am__include='include'
am__isrc=''
am__leading_dot='.'
am__nodep='_no'
am__quote=''
am__tar='$${TAR-tar} chof - "$$tardir"'
am__untar='$${TAR-tar} xf -'
bindir='${exec_prefix}/bin'
build='x86_64-unknown-linux-gnu'
build_alias=''
build_cpu='x86_64'
build_os='linux-gnu'
build_vendor='unknown'
datadir='${datarootdir}'
datarootdir='${prefix}/share'
docdir='${datarootdir}/doc/${PACKAGE_TARNAME}'
dvidir='${docdir}'
exec_prefix='${prefix}'
host='x86_64-unknown-linux-gnu'
host_alias=''
host_cpu='x86_64'
host_os='linux-gnu'
host_vendor='unknown'
htmldir='${docdir}'
includedir='${prefix}/include'
infodir='${datarootdir}/info'
install_sh='${SHELL} /media/pupil-labs/ssd_500gb/code/pupil-docker-ubuntu/scripts/libjpeg-turbo-1.5.1/install-sh'
libdir='${exec_prefix}/lib'
libexecdir='${exec_prefix}/libexec'
localedir='${datarootdir}/locale'
localstatedir='${prefix}/var'
mandir='${datarootdir}/man'
mkdir_p='$(MKDIR_P)'
oldincludedir='/usr/include'
pdfdir='${docdir}'
prefix='/usr/local'
program_transform_name='s,x,x,'
psdir='${docdir}'
sbindir='${exec_prefix}/sbin'
sharedstatedir='${prefix}/com'
sysconfdir='${prefix}/etc'
target_alias=''

## ----------- ##
## confdefs.h. ##
## ----------- ##

/* confdefs.h */
#define PACKAGE_NAME "libjpeg-turbo"
#define PACKAGE_TARNAME "libjpeg-turbo"
#define PACKAGE_VERSION "1.5.1"
#define PACKAGE_STRING "libjpeg-turbo 1.5.1"
#define PACKAGE_BUGREPORT ""
#define PACKAGE_URL ""
#define PACKAGE "libjpeg-turbo"
#define VERSION "1.5.1"
#define STDC_HEADERS 1
#define HAVE_SYS_TYPES_H 1
#define HAVE_SYS_STAT_H 1
#define HAVE_STDLIB_H 1
#define HAVE_STRING_H 1
#define HAVE_MEMORY_H 1
#define HAVE_STRINGS_H 1
#define HAVE_INTTYPES_H 1
#define HAVE_STDINT_H 1
#define HAVE_UNISTD_H 1
#define HAVE_DLFCN_H 1
#define LT_OBJDIR ".libs/"
#define SIZEOF_SIZE_T 8
#define STDC_HEADERS 1
#define HAVE_STDDEF_H 1
#define HAVE_STDLIB_H 1
#define HAVE_LOCALE_H 1
#define HAVE_STRING_H 1
#define NEED_SYS_TYPES_H 1
#define HAVE_UNSIGNED_CHAR 1
#define HAVE_UNSIGNED_SHORT 1
#define HAVE_MEMSET 1
#define HAVE_MEMCPY 1
#define JPEG_LIB_VERSION 62
#define MEM_SRCDST_SUPPORTED 1
#define LIBJPEG_TURBO_VERSION 1.5.1
#define LIBJPEG_TURBO_VERSION_NUMBER 1005001
#define INLINE inline __attribute__((always_inline))
#define C_ARITH_CODING_SUPPORTED 1
#define D_ARITH_CODING_SUPPORTED 1
#define WITH_SIMD 1
#define BUILD "20180717"

configure: exit 0
